[22:38:13:086]Camera Platform Server Ver. 0.0.1
[22:38:13:092]=================================
[22:38:13:094]Initiating ...
[22:38:13:095]Done
[22:38:13:097]Getting ready to accept connections ...
[22:38:13:099]Done
[22:38:13:118]Websocket Server is running
[22:40:35:306]New Connection inbound[0x194abce0]
[22:40:35:313]Frame Control [0x194abce0] is created
[22:40:35:320]Frame Control [0x194abce0] is running
[22:44:28:524]New Connection inbound[0x194aaad0]
[22:44:28:531]Frame Control [0x194aaad0] is created
[22:44:28:534]Frame Control [0x194aaad0] is running
[22:44:34:470]New Connection inbound[0x194ac080]
[22:44:34:474]Frame Control [0x194ac080] is created
[22:44:34:513]Frame Control [0x194ac080] is running
[22:44:37:104]Frame Control [0x194ac080] is destroyed
[22:44:37:106]Connection Terminated [0x194ac080]
[22:47:37:528]New Connection inbound[0x194aba40]
[22:47:37:531]Frame Control [0x194aba40] is created
[22:47:37:534]Frame Control [0x194aba40] is running
[22:55:51:958]Camera Platform Server Ver. 0.0.1
[22:55:51:960]=================================
[22:55:51:961]Initiating ...
[22:55:51:962]Done
[22:55:51:963]Getting ready to accept connections ...
[22:55:51:964]Done
[22:55:51:978]Websocket Server is running
[22:55:54:888]New Connection inbound[0xa9b9acd0]
[22:55:54:892]Frame Control [0xa9b9acd0] is created
[22:55:54:895]Frame Control [0xa9b9acd0] is running
[22:56:02:306]{"command id": "00001", "command":"createNewMediaSource", "media type":"webcam", "id":"0", "landscape":true, "width":1280, "height":720 }
[22:56:02:314]Frame Control [0xa9b9acd0] Processing command createNewMediaSource
[22:56:02:318]Frame Control [0xa9b9acd0] Processing data {"command id": "00001", "command":"createNewMediaSource", "media type":"webcam", "id":"0", "landscape":true, "width":1280, "height":720 }
[22:56:02:319]Frame Control [0xa9b9acd0] No existing media sources [webcam] found, creating new ...
[22:56:02:321]Media Source Webcam[0] created
[22:56:02:322]Done
[22:56:06:026]{"command id": "00002", "command":"startLiveView", "media type":"webcam", "id":"0", "fps":true, "scale":0.75 }
[22:56:06:034]Frame Control [0xa9b9acd0] Processing command startLiveView
[22:56:06:037]Frame Control [0xa9b9acd0] Processing data {"command id": "00002", "command":"startLiveView", "media type":"webcam", "id":"0", "fps":true, "scale":0.75 }
[22:56:06:040]Media Server created
[22:56:06:042]Socket is listening ...
[22:56:07:910]Connection accepted
[22:56:07:912]Header reply part 1 sent!
[22:56:07:914]Header reply part 2 sent!
