[16:28:11:319]Camera Platform Server Ver. 0.0.1
[16:28:11:321]=================================
[16:28:11:326]Initiating ...
[16:28:11:328]Done
[16:28:11:330]Getting ready to accept connections ...
[16:28:11:332]Done
[16:28:11:351]Websocket Server is running
[16:28:37:157]New Connection inbound[0xbcc52120]
[16:28:37:162]Frame Control [0xbcc52120] is created
[16:28:37:169]Frame Control [0xbcc52120] is running
[16:28:39:696]{"command id": "00001", "command":"createNewMediaSource", "media type":"webcam", "id":"0", "landscape":true, "width":1280, "height":720 }
[16:28:39:706]Frame Control [0xbcc52120] Processing command createNewMediaSource
[16:28:39:708]Frame Control [0xbcc52120] Processing data {"command id": "00001", "command":"createNewMediaSource", "media type":"webcam", "id":"0", "landscape":true, "width":1280, "height":720 }
[16:28:39:713]Frame Control [0xbcc52120] No existing media sources [webcam] found, creating new ...
[16:28:39:715]Media Source Webcam[0] created
[16:28:39:718]Done
[16:28:40:669]{"command id": "00002", "command":"startLiveView", "media type":"webcam", "id":"0", "fps":true, "scale":0.75 }
[16:28:40:676]Frame Control [0xbcc52120] Processing command startLiveView
[16:28:40:679]Frame Control [0xbcc52120] Processing data {"command id": "00002", "command":"startLiveView", "media type":"webcam", "id":"0", "fps":true, "scale":0.75 }
[16:28:40:681]Media Server created
[16:28:40:684]Socket is listening ...
[16:28:42:436]Connection accepted
[16:28:42:438]Header reply part 1 sent!
[16:28:42:440]Header reply part 2 sent!
[16:28:42:484]Connection accepted
[16:28:42:487]Header reply part 1 sent!
[16:28:42:489]Header reply part 2 sent!
[16:29:08:719]{"command id": "00003", "command":"stopLiveView", "media type":"webcam", "id":"0" }
[16:29:08:722]Frame Control [0xbcc52120] Processing command stopLiveView
[16:29:08:724]Frame Control [0xbcc52120] Processing data {"command id": "00003", "command":"stopLiveView", "media type":"webcam", "id":"0" }
[16:29:09:256]Stream Thread [0] exiting ...
[16:29:09:263]Media Server destroyed
